This is pdfTeX, Version 3.14159265-2.6-1.40.19 (TeX Live 2018) (preloaded format=pdflatex 2018.5.17)  5 AUG 2018 19:12
entering extended mode
 restricted \write18 enabled.
 %&-line parsing enabled.
**thesis.tex
(./thesis.tex
LaTeX2e <2018-04-01> patch level 4
(./ISTthesisEN.cls

LaTeX Warning: You have requested document class `ISTthesisEN',
               but the document class provides `01.thesis'.

Document Class: 01.thesis 2011/08/23

--------------------------------------------------------------
 +---+ Thesis Style (thesis.cls) 
 +---+ Version 1.0, January 2006 
 +---+ Version 1.1, July 2007 
 +---+ Version 2.0, July 2007 (new IST stylesheet) 
 +---+ for Instituto Superior Tecnico (IST), 
 +---+ Universidade T\IeC {\'e}nica de Lisboa 
 * Modified from 'report.cls' 
 * Created to write Dissertations 
 * Conforms with IST Master Degree format 
 * Should conform with IST PhD Degree format (not verified) 
 
 AUTHOR: Pedro Tom\IeC {\'a}s 
--------------------------------------------------------------

(/usr/local/texlive/2018/texmf-dist/tex/latex/base/report.cls
Document Class: report 2014/09/29 v1.4h Standard LaTeX document class
(/usr/local/texlive/2018/texmf-dist/tex/latex/base/size10.clo
File: size10.clo 2014/09/29 v1.4h Standard LaTeX file (size option)
)
\c@part=\count80
\c@chapter=\count81
\c@section=\count82
\c@subsection=\count83
\c@subsubsection=\count84
\c@paragraph=\count85
\c@subparagraph=\count86
\c@figure=\count87
\c@table=\count88
\abovecaptionskip=\skip41
\belowcaptionskip=\skip42
\bibindent=\dimen102
)
(/usr/local/texlive/2018/texmf-dist/tex/latex/tools/indentfirst.sty
Package: indentfirst 1995/11/23 v1.03 Indent first paragraph (DPC)
)
(/usr/local/texlive/2018/texmf-dist/tex/latex/base/ifthen.sty
Package: ifthen 2014/09/29 v1.1c Standard LaTeX ifthen package (DPC)
)
(/usr/local/texlive/2018/texmf-dist/tex/generic/ulem/ulem.sty
\UL@box=\box26
\UL@hyphenbox=\box27
\UL@skip=\skip43
\UL@hook=\toks14
\UL@height=\dimen103
\UL@pe=\count89
\UL@pixel=\dimen104
\ULC@box=\box28
Package: ulem 2012/05/18
\ULdepth=\dimen105
)
(/usr/local/texlive/2018/texmf-dist/tex/latex/graphics/graphicx.sty
Package: graphicx 2017/06/01 v1.1a Enhanced LaTeX Graphics (DPC,SPQR)

(/usr/local/texlive/2018/texmf-dist/tex/latex/graphics/keyval.sty
Package: keyval 2014/10/28 v1.15 key=value parser (DPC)
\KV@toks@=\toks15
)
(/usr/local/texlive/2018/texmf-dist/tex/latex/graphics/graphics.sty
Package: graphics 2017/06/25 v1.2c Standard LaTeX Graphics (DPC,SPQR)

(/usr/local/texlive/2018/texmf-dist/tex/latex/graphics/trig.sty
Package: trig 2016/01/03 v1.10 sin cos tan (DPC)
)
(/usr/local/texlive/2018/texmf-dist/tex/latex/graphics-cfg/graphics.cfg
File: graphics.cfg 2016/06/04 v1.11 sample graphics configuration
)
Package graphics Info: Driver file: pdftex.def on input line 99.

(/usr/local/texlive/2018/texmf-dist/tex/latex/graphics-def/pdftex.def
File: pdftex.def 2018/01/08 v1.0l Graphics/color driver for pdftex
))
\Gin@req@height=\dimen106
\Gin@req@width=\dimen107
)
(/usr/local/texlive/2018/texmf-dist/tex/generic/epsf/epsf.sty
This is `epsf.tex' v2.7.4 <14 February 2011>
\epsffilein=\read1
\epsfframemargin=\dimen108
\epsfframethickness=\dimen109
\epsfrsize=\dimen110
\epsftmp=\dimen111
\epsftsize=\dimen112
\epsfxsize=\dimen113
\epsfysize=\dimen114
\pspoints=\dimen115
) (./textpos.sty

LaTeX Warning: You have requested package `textpos',
               but the package provides `00.textpos'.

Package: 00.textpos 2007/03/30 v1.7d
Package: `textpos' 1.7d <2007 March 30>
(/usr/local/texlive/2018/texmf-dist/tex/latex/ms/everyshi.sty
Package: everyshi 2001/05/15 v3.00 EveryShipout Package (MS)
)
\TP@textbox=\box29
\TP@holdbox=\box30
\TPHorizModule=\dimen116
\TPVertModule=\dimen117
\TP@margin=\dimen118
\TP@absmargin=\dimen119

Grid set 16 x 16 = 37.34424pt x 52.81541pt
\TPboxrulesize=\dimen120
\TP@ox=\dimen121
\TP@oy=\dimen122
\TP@tbargs=\toks16
\TP@prevdepth=\dimen123
TextBlockOrigin set to 0pt x 0pt
) (/usr/local/texlive/2018/texmf-dist/tex/latex/psnfss/helvet.sty
Package: helvet 2005/04/12 PSNFSS-v9.2a (WaS) 
)
(/usr/local/texlive/2018/texmf-dist/tex/latex/amsmath/amsmath.sty
Package: amsmath 2017/09/02 v2.17a AMS math features
\@mathmargin=\skip44

For additional information on amsmath, use the `?' option.
(/usr/local/texlive/2018/texmf-dist/tex/latex/amsmath/amstext.sty
Package: amstext 2000/06/29 v2.01 AMS text

(/usr/local/texlive/2018/texmf-dist/tex/latex/amsmath/amsgen.sty
File: amsgen.sty 1999/11/30 v2.0 generic functions
\@emptytoks=\toks17
\ex@=\dimen124
))
(/usr/local/texlive/2018/texmf-dist/tex/latex/amsmath/amsbsy.sty
Package: amsbsy 1999/11/29 v1.2d Bold Symbols
\pmbraise@=\dimen125
)
(/usr/local/texlive/2018/texmf-dist/tex/latex/amsmath/amsopn.sty
Package: amsopn 2016/03/08 v2.02 operator names
)
\inf@bad=\count90
LaTeX Info: Redefining \frac on input line 213.
\uproot@=\count91
\leftroot@=\count92
LaTeX Info: Redefining \overline on input line 375.
\classnum@=\count93
\DOTSCASE@=\count94
LaTeX Info: Redefining \ldots on input line 472.
LaTeX Info: Redefining \dots on input line 475.
LaTeX Info: Redefining \cdots on input line 596.
\Mathstrutbox@=\box31
\strutbox@=\box32
\big@size=\dimen126
LaTeX Font Info:    Redeclaring font encoding OML on input line 712.
LaTeX Font Info:    Redeclaring font encoding OMS on input line 713.
\macc@depth=\count95
\c@MaxMatrixCols=\count96
\dotsspace@=\muskip10
\c@parentequation=\count97
\dspbrk@lvl=\count98
\tag@help=\toks18
\row@=\count99
\column@=\count100
\maxfields@=\count101
\andhelp@=\toks19
\eqnshift@=\dimen127
\alignsep@=\dimen128
\tagshift@=\dimen129
\tagwidth@=\dimen130
\totwidth@=\dimen131
\lineht@=\dimen132
\@envbody=\toks20
\multlinegap=\skip45
\multlinetaggap=\skip46
\mathdisplay@stack=\toks21
LaTeX Info: Redefining \[ on input line 2817.
LaTeX Info: Redefining \] on input line 2818.
)
(/usr/local/texlive/2018/texmf-dist/tex/latex/amscls/amsthm.sty
Package: amsthm 2017/10/31 v2.20.4
\thm@style=\toks22
\thm@bodyfont=\toks23
\thm@headfont=\toks24
\thm@notefont=\toks25
\thm@headpunct=\toks26
\thm@preskip=\skip47
\thm@postskip=\skip48
\thm@headsep=\skip49
\dth@everypar=\toks27
)
(/usr/local/texlive/2018/texmf-dist/tex/latex/amsfonts/amssymb.sty
Package: amssymb 2013/01/14 v3.01 AMS font symbols

(/usr/local/texlive/2018/texmf-dist/tex/latex/amsfonts/amsfonts.sty
Package: amsfonts 2013/01/14 v3.01 Basic AMSFonts support
\symAMSa=\mathgroup4
\symAMSb=\mathgroup5
LaTeX Font Info:    Overwriting math alphabet `\mathfrak' in version `bold'
(Font)                  U/euf/m/n --> U/euf/b/n on input line 106.
)))
(./beg-definitions/packages.tex

--------------------------------------------------------------
 +---+ Thesis Template 
 +---+ Version 1.7.8, April 2016 
 +---+ for Instituto Superior Tecnico (IST), 
 +---+ Universidade T\IeC {\'e}cnica de Lisboa 
 * Using Thesis Style from Pedro Tom\IeC {\'a}s 
 * Created to write Dissertations 
 * Conforms with IST Master Degree format and with most important packages setu
p 
 * Should conform with IST PhD Degree format (not verified) 
 
 AUTHOR: Miguel Amador and Jo\IeC {\~a}o Marques 
 
Important: Use all files in the archive, since this is based in all them. Modif
y dummy files at wish. 
--------------------------------------------------------------

(/usr/local/texlive/2018/texmf-dist/tex/latex/sttools/cuted.sty
Package: cuted 2012/10/04 v1.5 Mixing onecolumn and twocolumn modes
\At@ViperColsBreak=\toks28
\v@aaa=\box33
\v@ccc=\box34
\lastskip@a=\skip50
\lastskip@b=\skip51
\lastskip@d=\skip52
\lastbox@a=\box35
\stripsep=\skip53
\@viper=\box36
\viper@penalty=\count102
\hold@viper=\box37
\ht@viper=\dimen133
)
(/usr/local/texlive/2018/texmf-dist/tex/latex/tools/bm.sty
Package: bm 2017/01/16 v1.2c Bold Symbol Support (DPC/FMi)
\symboldoperators=\mathgroup6
\symboldletters=\mathgroup7
\symboldsymbols=\mathgroup8
LaTeX Font Info:    Redeclaring math alphabet \mathbf on input line 141.
LaTeX Info: Redefining \bm on input line 207.
)
(/usr/local/texlive/2018/texmf-dist/tex/latex/bbm-macros/bbm.sty
Package: bbm 1999/03/15 V 1.2 provides fonts for set symbols - TH
LaTeX Font Info:    Overwriting math alphabet `\mathbbm' in version `bold'
(Font)                  U/bbm/m/n --> U/bbm/bx/n on input line 33.
LaTeX Font Info:    Overwriting math alphabet `\mathbbmss' in version `bold'
(Font)                  U/bbmss/m/n --> U/bbmss/bx/n on input line 35.
)
(/usr/local/texlive/2018/texmf-dist/tex/latex/setspace/setspace.sty
Package: setspace 2011/12/19 v6.7a set line spacing
)
(/usr/local/texlive/2018/texmf-dist/tex/latex/koma-script/scrextend.sty
Package: scrextend 2018/03/30 v3.25 KOMA-Script package (extend other classes w
ith features of KOMA-Script classes)

(/usr/local/texlive/2018/texmf-dist/tex/latex/koma-script/scrkbase.sty
Package: scrkbase 2018/03/30 v3.25 KOMA-Script package (KOMA-Script-dependent b
asics and keyval usage)

(/usr/local/texlive/2018/texmf-dist/tex/latex/koma-script/scrbase.sty
Package: scrbase 2018/03/30 v3.25 KOMA-Script package (KOMA-Script-independent 
basics and keyval usage)

(/usr/local/texlive/2018/texmf-dist/tex/latex/koma-script/scrlfile.sty
Package: scrlfile 2018/03/30 v3.25 KOMA-Script package (loading files)
))))
(/usr/local/texlive/2018/texmf-dist/tex/latex/ms/ragged2e.sty
Package: ragged2e 2009/05/21 v2.1 ragged2e Package (MS)

(/usr/local/texlive/2018/texmf-dist/tex/latex/ms/everysel.sty
Package: everysel 2011/10/28 v1.2 EverySelectfont Package (MS)
)
\CenteringLeftskip=\skip54
\RaggedLeftLeftskip=\skip55
\RaggedRightLeftskip=\skip56
\CenteringRightskip=\skip57
\RaggedLeftRightskip=\skip58
\RaggedRightRightskip=\skip59
\CenteringParfillskip=\skip60
\RaggedLeftParfillskip=\skip61
\RaggedRightParfillskip=\skip62
\JustifyingParfillskip=\skip63
\CenteringParindent=\skip64
\RaggedLeftParindent=\skip65
\RaggedRightParindent=\skip66
\JustifyingParindent=\skip67
)
(/usr/local/texlive/2018/texmf-dist/tex/latex/xcolor/xcolor.sty
Package: xcolor 2016/05/11 v2.12 LaTeX color extensions (UK)

(/usr/local/texlive/2018/texmf-dist/tex/latex/graphics-cfg/color.cfg
File: color.cfg 2016/01/02 v1.6 sample color configuration
)
Package xcolor Info: Driver file: pdftex.def on input line 225.
LaTeX Info: Redefining \color on input line 709.
Package xcolor Info: Model `cmy' substituted by `cmy0' on input line 1348.
Package xcolor Info: Model `hsb' substituted by `rgb' on input line 1352.
Package xcolor Info: Model `RGB' extended on input line 1364.
Package xcolor Info: Model `HTML' substituted by `rgb' on input line 1366.
Package xcolor Info: Model `Hsb' substituted by `hsb' on input line 1367.
Package xcolor Info: Model `tHsb' substituted by `hsb' on input line 1368.
Package xcolor Info: Model `HSB' substituted by `hsb' on input line 1369.
Package xcolor Info: Model `Gray' substituted by `gray' on input line 1370.
Package xcolor Info: Model `wave' substituted by `hsb' on input line 1371.
)
(/usr/local/texlive/2018/texmf-dist/tex/latex/dirtytalk/dirtytalk.sty
Package: dirtytalk 2010/11/21 A package making "quoting" easier

(/usr/local/texlive/2018/texmf-dist/tex/latex/oberdiek/kvoptions.sty
Package: kvoptions 2016/05/16 v3.12 Key value format for package options (HO)

(/usr/local/texlive/2018/texmf-dist/tex/generic/oberdiek/ltxcmds.sty
Package: ltxcmds 2016/05/16 v1.23 LaTeX kernel commands for general use (HO)
)
(/usr/local/texlive/2018/texmf-dist/tex/generic/oberdiek/kvsetkeys.sty
Package: kvsetkeys 2016/05/16 v1.17 Key value parser (HO)

(/usr/local/texlive/2018/texmf-dist/tex/generic/oberdiek/infwarerr.sty
Package: infwarerr 2016/05/16 v1.4 Providing info/warning/error messages (HO)
)
(/usr/local/texlive/2018/texmf-dist/tex/generic/oberdiek/etexcmds.sty
Package: etexcmds 2016/05/16 v1.6 Avoid name clashes with e-TeX commands (HO)

(/usr/local/texlive/2018/texmf-dist/tex/generic/oberdiek/ifluatex.sty
Package: ifluatex 2016/05/16 v1.4 Provides the ifluatex switch (HO)
Package ifluatex Info: LuaTeX not detected.
)
Package etexcmds Info: Could not find \expanded.
(etexcmds)             That can mean that you are not using pdfTeX 1.50 or
(etexcmds)             that some package has redefined \expanded.
(etexcmds)             In the latter case, load this package earlier.
)))
\c@dirtytalk@qdepth=\count103
)
(/usr/local/texlive/2018/texmf-dist/tex/latex/simplewick/simplewick.sty
Package: simplewick 2007/11/23 v1.2a

Package: simplewick v1.2a (2007/11/23)
\swb@xone=\box38
\swb@xtwo=\box39
\swb@xthree=\box40
\swb@xfour=\box41
\swdimen@ne=\dimen134
\swdimentw@=\dimen135
) (/usr/local/texlive/2018/texmf-dist/tex/generic/babel/babel.sty
Package: babel 2018/05/10 3.21 The Babel package

(/usr/local/texlive/2018/texmf-dist/tex/generic/babel/switch.def
File: switch.def 2018/05/10 3.21 Babel switching mechanism
)
(/usr/local/texlive/2018/texmf-dist/tex/generic/babel-portuges/portuges.ldf
Language: portuges 2008/03/18 v1.2q Portuguese support from the babel system

(/usr/local/texlive/2018/texmf-dist/tex/generic/babel/babel.def
File: babel.def 2018/05/10 3.21 Babel common definitions
\babel@savecnt=\count104
\U@D=\dimen136

(/usr/local/texlive/2018/texmf-dist/tex/generic/babel/txtbabel.def)
\bbl@dirlevel=\count105
)
Package babel Info: Making " an active character on input line 145.
)
(/usr/local/texlive/2018/texmf-dist/tex/generic/babel-english/english.ldf
Language: english 2017/06/06 v3.3r English support from the babel system
\l@canadian = a dialect from \language\l@american 
\l@australian = a dialect from \language\l@british 
\l@newzealand = a dialect from \language\l@british 
))
(/usr/local/texlive/2018/texmf-dist/tex/latex/base/inputenc.sty
Package: inputenc 2018/04/06 v1.3b Input encoding file
\inpenc@prehook=\toks29
\inpenc@posthook=\toks30
)
(/usr/local/texlive/2018/texmf-dist/tex/latex/base/fontenc.sty
Package: fontenc 2017/04/05 v2.0i Standard LaTeX package

(/usr/local/texlive/2018/texmf-dist/tex/latex/base/t1enc.def
File: t1enc.def 2017/04/05 v2.0i Standard LaTeX file
LaTeX Font Info:    Redeclaring font encoding T1 on input line 48.
))
(/usr/local/texlive/2018/texmf-dist/tex/latex/datetime/datetime.sty
Package: datetime 2015/03/20 v2.60 Date Time Package

(/usr/local/texlive/2018/texmf-dist/tex/latex/etoolbox/etoolbox.sty
Package: etoolbox 2018/02/11 v2.5e e-TeX tools for LaTeX (JAW)
\etb@tempcnta=\count106
)
(/usr/local/texlive/2018/texmf-dist/tex/latex/fmtcount/fmtcount.sty
Package: fmtcount 2017/12/24 v3.05

(/usr/local/texlive/2018/texmf-dist/tex/latex/xkeyval/xkeyval.sty
Package: xkeyval 2014/12/03 v2.7a package option processing (HA)

(/usr/local/texlive/2018/texmf-dist/tex/generic/xkeyval/xkeyval.tex
(/usr/local/texlive/2018/texmf-dist/tex/generic/xkeyval/xkvutils.tex
\XKV@toks=\toks31
\XKV@tempa@toks=\toks32
)
\XKV@depth=\count107
File: xkeyval.tex 2014/12/03 v2.7a key=value parser (HA)
))
(/usr/local/texlive/2018/texmf-dist/tex/latex/fmtcount/fcprefix.sty
Package: fcprefix 2012/09/28

(/usr/local/texlive/2018/texmf-dist/tex/latex/fmtcount/fcnumparser.sty
Package: fcnumparser 2017/06/15
\fc@digit@counter=\count108
))
\c@padzeroesN=\count109
\fc@tmpcatcode=\count110

(/usr/local/texlive/2018/texmf-dist/tex/latex/fmtcount/fc-english.def
File: fc-english.def 2016/01/12
)
(/usr/local/texlive/2018/texmf-dist/tex/latex/fmtcount/fc-portuges.def
File: fc-portuges.def 2017/12/26
)
\@DT@modctr=\count111
\@ordinalctr=\count112
\@orgargctr=\count113
\@strctr=\count114
\@tmpstrctr=\count115
\@DT@loopN=\count116
\@DT@X=\count117
)
(/usr/local/texlive/2018/texmf-dist/tex/latex/datetime/datetime-defaults.sty
Package: datetime-defaults 2013/09/10
)
\@day=\count118
\@month=\count119
\@year=\count120
\c@HOUR=\count121
\c@HOURXII=\count122
\c@MINUTE=\count123
\c@TOHOUR=\count124
\c@TOMINUTE=\count125
\c@SECOND=\count126
\currenthour=\count127
\currentminute=\count128
\currentsecond=\count129
Package datetime Info: No datetime.cfg file found, using default settings on in
put line 308.
\@dtctr=\count130
\dayofyear=\count131
\dayofweek=\count132
LaTeX Info: Redefining \today on input line 736.
\dt@a=\toks33
\dt@b=\toks34
)
(/usr/local/texlive/2018/texmf-dist/tex/latex/base/latexsym.sty
Package: latexsym 1998/08/17 v2.2e Standard LaTeX package (lasy symbols)
\symlasy=\mathgroup9
LaTeX Font Info:    Overwriting symbol font `lasy' in version `bold'
(Font)                  U/lasy/m/n --> U/lasy/b/n on input line 52.
)
(/usr/local/texlive/2018/texmf-dist/tex/latex/multirow/multirow.sty
Package: multirow 2016/11/25 v2.2 Span multiple rows of a table
\multirow@colwidth=\skip68
\multirow@cntb=\count133
\multirow@dima=\skip69
\bigstrutjot=\dimen137
)
(/usr/local/texlive/2018/texmf-dist/tex/latex/colortbl/colortbl.sty
Package: colortbl 2018/05/02 v1.0c Color table columns (DPC)

(/usr/local/texlive/2018/texmf-dist/tex/latex/tools/array.sty
Package: array 2018/04/30 v2.4h Tabular extension package (FMi)
\col@sep=\dimen138
\ar@mcellbox=\box42
\extrarowheight=\dimen139
\NC@list=\toks35
\extratabsurround=\skip70
\backup@length=\skip71
\ar@cellbox=\box43
)
\everycr=\toks36
\minrowclearance=\skip72
)
(/usr/local/texlive/2018/texmf-dist/tex/latex/supertabular/supertabular.sty
Package: supertabular 2004/02/20 v4.1e the supertabular environment
\c@tracingst=\count134
\ST@wd=\dimen140
\ST@rightskip=\skip73
\ST@leftskip=\skip74
\ST@parfillskip=\skip75
\ST@pageleft=\dimen141
\ST@headht=\dimen142
\ST@tailht=\dimen143
\ST@pagesofar=\dimen144
\ST@pboxht=\dimen145
\ST@lineht=\dimen146
\ST@stretchht=\dimen147
\ST@prevht=\dimen148
\ST@toadd=\dimen149
\ST@dimen=\dimen150
\ST@pbox=\box44
)
(/usr/local/texlive/2018/texmf-dist/tex/latex/oberdiek/pdflscape.sty
Package: pdflscape 2016/05/14 v0.11 Display of landscape pages in PDF (HO)

(/usr/local/texlive/2018/texmf-dist/tex/latex/graphics/lscape.sty
Package: lscape 2000/10/22 v3.01 Landscape Pages (DPC)
)
(/usr/local/texlive/2018/texmf-dist/tex/generic/oberdiek/ifpdf.sty
Package: ifpdf 2017/03/15 v3.2 Provides the ifpdf switch
)
Package pdflscape Info: Auto-detected driver: pdftex on input line 81.

(/usr/local/texlive/2018/texmf-dist/tex/generic/ifxetex/ifxetex.sty
Package: ifxetex 2010/09/12 v0.6 Provides ifxetex conditional
))
(/usr/local/texlive/2018/texmf-dist/tex/latex/graphics/epsfig.sty
Package: epsfig 2017/06/25 v1.7b (e)psfig emulation (SPQR)
\epsfxsize=\dimen151
\epsfysize=\dimen152
)
(/usr/local/texlive/2018/texmf-dist/tex/latex/subfigure/subfigure.sty
Package: subfigure 2002/03/15 v2.1.5 subfigure package
\subfigtopskip=\skip76
\subfigcapskip=\skip77
\subfigcaptopadj=\dimen153
\subfigbottomskip=\skip78
\subfigcapmargin=\dimen154
\subfiglabelskip=\skip79
\c@subfigure=\count135
\c@lofdepth=\count136
\c@subtable=\count137
\c@lotdepth=\count138

****************************************
* Local config file subfigure.cfg used *
****************************************
(/usr/local/texlive/2018/texmf-dist/tex/latex/subfigure/subfigure.cfg)
\subfig@top=\skip80
\subfig@bottom=\skip81
)
(/usr/local/texlive/2018/texmf-dist/tex/latex/tools/dcolumn.sty
Package: dcolumn 2014/10/28 v1.06 decimal alignment package (DPC)
)
(/usr/local/texlive/2018/texmf-dist/tex/latex/booktabs/booktabs.sty
Package: booktabs 2016/04/27 v1.618033 publication quality tables
\heavyrulewidth=\dimen155
\lightrulewidth=\dimen156
\cmidrulewidth=\dimen157
\belowrulesep=\dimen158
\belowbottomsep=\dimen159
\aboverulesep=\dimen160
\abovetopsep=\dimen161
\cmidrulesep=\dimen162
\cmidrulekern=\dimen163
\defaultaddspace=\dimen164
\@cmidla=\count139
\@cmidlb=\count140
\@aboverulesep=\dimen165
\@belowrulesep=\dimen166
\@thisruleclass=\count141
\@lastruleclass=\count142
\@thisrulewidth=\dimen167
)
(/usr/local/texlive/2018/texmf-dist/tex/latex/graphics/rotating.sty
Package: rotating 2016/08/11 v2.16d rotated objects in LaTeX
\c@r@tfl@t=\count143
\rotFPtop=\skip82
\rotFPbot=\skip83
\rot@float@box=\box45
\rot@mess@toks=\toks37
)
(/usr/local/texlive/2018/texmf-dist/tex/latex/caption/caption.sty
Package: caption 2017/03/19 v3.3-145 Customizing captions (AR)

(/usr/local/texlive/2018/texmf-dist/tex/latex/caption/caption3.sty
Package: caption3 2018/04/15 v1.7-167 caption3 kernel (AR)
Package caption3 Info: TeX engine: e-TeX on input line 64.
\captionmargin=\dimen168
\captionmargin@=\dimen169
\captionwidth=\dimen170
\caption@tempdima=\dimen171
\caption@indent=\dimen172
\caption@parindent=\dimen173
\caption@hangindent=\dimen174
)
\c@ContinuedFloat=\count144
Package caption Info: rotating package is loaded.
Package caption Info: subfigure package is loaded.
Package caption Info: supertabular package is loaded.
)
(/usr/local/texlive/2018/texmf-dist/tex/latex/algorithms/algorithmic.sty
Package: algorithmic 2009/08/24 v0.1 Document Style `algorithmic'
\c@ALC@unique=\count145
\c@ALC@line=\count146
\c@ALC@rem=\count147
\c@ALC@depth=\count148
\ALC@tlm=\skip84
\algorithmicindent=\skip85
)
(/usr/local/texlive/2018/texmf-dist/tex/latex/algorithms/algorithm.sty
Package: algorithm 2009/08/24 v0.1 Document Style `algorithm' - floating enviro
nment

(/usr/local/texlive/2018/texmf-dist/tex/latex/float/float.sty
Package: float 2001/11/08 v1.3d Float enhancements (AL)
\c@float@type=\count149
\float@exts=\toks38
\float@box=\box46
\@float@everytoks=\toks39
\@floatcapt=\box47
)
\@float@every@algorithm=\toks40
\c@algorithm=\count150
)
(/usr/local/texlive/2018/texmf-dist/tex/latex/biblatex/biblatex.sty
Package: biblatex 2018/03/04 v3.11 programmable bibliographies (PK/MW)

(/usr/local/texlive/2018/texmf-dist/tex/generic/oberdiek/pdftexcmds.sty
Package: pdftexcmds 2018/01/30 v0.27 Utility functions of pdfTeX for LuaTeX (HO
)
Package pdftexcmds Info: LuaTeX not detected.
Package pdftexcmds Info: \pdf@primitive is available.
Package pdftexcmds Info: \pdf@ifprimitive is available.
Package pdftexcmds Info: \pdfdraftmode found.
)
(/usr/local/texlive/2018/texmf-dist/tex/latex/logreq/logreq.sty
Package: logreq 2010/08/04 v1.0 xml request logger
\lrq@indent=\count151

(/usr/local/texlive/2018/texmf-dist/tex/latex/logreq/logreq.def
File: logreq.def 2010/08/04 v1.0 logreq spec v1.0
))
(/usr/local/texlive/2018/texmf-dist/tex/latex/url/url.sty
\Urlmuskip=\muskip11
Package: url 2013/09/16  ver 3.4  Verb mode for urls, etc.
)
(/usr/local/texlive/2018/texmf-dist/tex/generic/xstring/xstring.sty
(/usr/local/texlive/2018/texmf-dist/tex/generic/xstring/xstring.tex
\@xs@message=\write3
\integerpart=\count152
\decimalpart=\count153
)
Package: xstring 2013/10/13  v1.7c  String manipulations (C Tellechea)
)
\c@tabx@nest=\count154
\c@listtotal=\count155
\c@listcount=\count156
\c@liststart=\count157
\c@liststop=\count158
\c@citecount=\count159
\c@citetotal=\count160
\c@multicitecount=\count161
\c@multicitetotal=\count162
\c@instcount=\count163
\c@maxnames=\count164
\c@minnames=\count165
\c@maxitems=\count166
\c@minitems=\count167
\c@citecounter=\count168
\c@savedcitecounter=\count169
\c@uniquelist=\count170
\c@uniquename=\count171
\c@refsection=\count172
\c@refsegment=\count173
\c@maxextratitle=\count174
\c@maxextratitleyear=\count175
\c@maxextradate=\count176
\c@maxextraalpha=\count177
\c@abbrvpenalty=\count178
\c@highnamepenalty=\count179
\c@lownamepenalty=\count180
\c@maxparens=\count181
\c@parenlevel=\count182
\blx@tempcnta=\count183
\blx@tempcntb=\count184
\blx@tempcntc=\count185
\blx@maxsection=\count186
\blx@maxsegment@0=\count187
\blx@notetype=\count188
\blx@parenlevel@text=\count189
\blx@parenlevel@foot=\count190
\blx@sectionciteorder@0=\count191
\labelnumberwidth=\skip86
\labelalphawidth=\skip87
\biblabelsep=\skip88
\bibitemsep=\skip89
\bibnamesep=\skip90
\bibinitsep=\skip91
\bibparsep=\skip92
\bibhang=\skip93
\blx@bcfin=\read2
\blx@bcfout=\write4
\c@mincomprange=\count192
\c@maxcomprange=\count193
\c@mincompwidth=\count194
Package biblatex Info: Trying to load biblatex default data model...
Package biblatex Info: ... file 'blx-dm.def' found.

(/usr/local/texlive/2018/texmf-dist/tex/latex/biblatex/blx-dm.def
File: blx-dm.def 2018/03/04 v3.11 biblatex localization (PK/MW)
)
Package biblatex Info: Trying to load biblatex style data model...
Package biblatex Info: ... file 'nature.dbx' not found.
Package biblatex Info: Trying to load biblatex custom data model...
Package biblatex Info: ... file 'biblatex-dm.cfg' not found.
\c@afterword=\count195
\c@savedafterword=\count196
\c@annotator=\count197
\c@savedannotator=\count198
\c@author=\count199
\c@savedauthor=\count266
\c@bookauthor=\count267
\c@savedbookauthor=\count268
\c@commentator=\count269
\c@savedcommentator=\count270
\c@editor=\count271
\c@savededitor=\count272
\c@editora=\count273
\c@savededitora=\count274
\c@editorb=\count275
\c@savededitorb=\count276
\c@editorc=\count277
\c@savededitorc=\count278
\c@foreword=\count279
\c@savedforeword=\count280
\c@holder=\count281
\c@savedholder=\count282
\c@introduction=\count283
\c@savedintroduction=\count284
\c@namea=\count285
\c@savednamea=\count286
\c@nameb=\count287
\c@savednameb=\count288
\c@namec=\count289
\c@savednamec=\count290
\c@translator=\count291
\c@savedtranslator=\count292
\c@shortauthor=\count293
\c@savedshortauthor=\count294
\c@shorteditor=\count295
\c@savedshorteditor=\count296
\c@labelname=\count297
\c@savedlabelname=\count298
\c@institution=\count299
\c@savedinstitution=\count300
\c@lista=\count301
\c@savedlista=\count302
\c@listb=\count303
\c@savedlistb=\count304
\c@listc=\count305
\c@savedlistc=\count306
\c@listd=\count307
\c@savedlistd=\count308
\c@liste=\count309
\c@savedliste=\count310
\c@listf=\count311
\c@savedlistf=\count312
\c@location=\count313
\c@savedlocation=\count314
\c@organization=\count315
\c@savedorganization=\count316
\c@origlocation=\count317
\c@savedoriglocation=\count318
\c@origpublisher=\count319
\c@savedorigpublisher=\count320
\c@publisher=\count321
\c@savedpublisher=\count322
\c@language=\count323
\c@savedlanguage=\count324
\c@origlanguage=\count325
\c@savedoriglanguage=\count326
\c@pageref=\count327
\c@savedpageref=\count328
\shorthandwidth=\skip94
\shortjournalwidth=\skip95
\shortserieswidth=\skip96
\shorttitlewidth=\skip97
\shortauthorwidth=\skip98
\shorteditorwidth=\skip99
\locallabelnumberwidth=\skip100
\locallabelalphawidth=\skip101
\localshorthandwidth=\skip102
\localshortjournalwidth=\skip103
\localshortserieswidth=\skip104
\localshorttitlewidth=\skip105
\localshortauthorwidth=\skip106
\localshorteditorwidth=\skip107
Package biblatex Info: Trying to load compatibility code...
Package biblatex Info: ... file 'blx-compat.def' found.

(/usr/local/texlive/2018/texmf-dist/tex/latex/biblatex/blx-compat.def
File: blx-compat.def 2018/03/04 v3.11 biblatex compatibility (PK/MW)
)
Package biblatex Info: Trying to load generic definitions...
Package biblatex Info: ... file 'biblatex.def' found.

(/usr/local/texlive/2018/texmf-dist/tex/latex/biblatex/biblatex.def
File: biblatex.def 2018/03/04 v3.11 biblatex compatibility (PK/MW)
\c@textcitecount=\count329
\c@textcitetotal=\count330
\c@textcitemaxnames=\count331
\c@biburlnumpenalty=\count332
\c@biburlucpenalty=\count333
\c@biburllcpenalty=\count334
\c@smartand=\count335
)
Package biblatex Info: Trying to load bibliography style 'nature'...
Package biblatex Info: ... file 'nature.bbx' found.

(/usr/local/texlive/2018/texmf-dist/tex/latex/biblatex-nature/nature.bbx
File: nature.bbx 2017/03/01 v1.3b biblatex bibliography style
Package biblatex Info: Trying to load bibliography style 'numeric-comp'...
Package biblatex Info: ... file 'numeric-comp.bbx' found.

(/usr/local/texlive/2018/texmf-dist/tex/latex/biblatex/bbx/numeric-comp.bbx
File: numeric-comp.bbx 2018/03/04 v3.11 biblatex bibliography style (PK/MW)
Package biblatex Info: Trying to load bibliography style 'numeric'...
Package biblatex Info: ... file 'numeric.bbx' found.

(/usr/local/texlive/2018/texmf-dist/tex/latex/biblatex/bbx/numeric.bbx
File: numeric.bbx 2018/03/04 v3.11 biblatex bibliography style (PK/MW)
Package biblatex Info: Trying to load bibliography style 'standard'...
Package biblatex Info: ... file 'standard.bbx' found.

(/usr/local/texlive/2018/texmf-dist/tex/latex/biblatex/bbx/standard.bbx
File: standard.bbx 2018/03/04 v3.11 biblatex bibliography style (PK/MW)
\c@bbx:relatedcount=\count336
\c@bbx:relatedtotal=\count337
))))
Package biblatex Info: Trying to load citation style 'nature'...
Package biblatex Info: ... file 'nature.cbx' found.

(/usr/local/texlive/2018/texmf-dist/tex/latex/biblatex-nature/nature.cbx
File: nature.cbx 2017/03/01 v1.3b biblatex citation style
Package biblatex Info: Trying to load citation style 'numeric-comp'...
Package biblatex Info: ... file 'numeric-comp.cbx' found.

(/usr/local/texlive/2018/texmf-dist/tex/latex/biblatex/cbx/numeric-comp.cbx
File: numeric-comp.cbx 2018/03/04 v3.11 biblatex citation style (PK/MW)
\c@cbx@tempcnta=\count338
\c@cbx@tempcntb=\count339
Package biblatex Info: Redefining '\cite'.
Package biblatex Info: Redefining '\parencite'.
Package biblatex Info: Redefining '\footcite'.
Package biblatex Info: Redefining '\footcitetext'.
Package biblatex Info: Redefining '\smartcite'.
Package biblatex Info: Redefining '\supercite'.
Package biblatex Info: Redefining '\textcite'.
Package biblatex Info: Redefining '\textcites'.
Package biblatex Info: Redefining '\cites'.
Package biblatex Info: Redefining '\parencites'.
Package biblatex Info: Redefining '\smartcites'.
))
Package biblatex Info: Trying to load configuration file...
Package biblatex Info: ... file 'biblatex.cfg' found.

(/usr/local/texlive/2018/texmf-dist/tex/latex/biblatex/biblatex.cfg
File: biblatex.cfg 
))
(/usr/local/texlive/2018/texmf-dist/tex/latex/acronym/acronym.sty
Package: acronym 2015/03/21 v1.41 Support for acronyms (Tobias Oetiker)

(/usr/local/texlive/2018/texmf-dist/tex/latex/bigfoot/suffix.sty
Package: suffix 2006/07/15 1.5a Variant command support
)
\AC@clearlist=\toks41
)
(/usr/local/texlive/2018/texmf-dist/tex/latex/appendix/appendix.sty
Package: appendix 2009/09/02 v1.2b extra appendix facilities
\c@@pps=\count340
\c@@ppsavesec=\count341
\c@@ppsaveapp=\count342
)
(/usr/local/texlive/2018/texmf-dist/tex/latex/chappg/chappg.sty
Package: chappg 2006/05/09 v2.1b page numbering by chapter number pages by chap
ter (or other unit)
)
(./extra_functions.sty

LaTeX Warning: You have requested package `extra_functions',
               but the package provides `00.extra_functions'.

Package: 00.extra_functions 
(/usr/local/texlive/2018/texmf-dist/tex/latex/minitoc/minitoc.sty
Package: minitoc 2015/07/13 v61 Package minitoc

(/usr/local/texlive/2018/texmf-dist/tex/latex/minitoc/mtcmess.sty
Package: mtcmess 2006/03/14
)
Package minitoc Info: I0001
(minitoc)             *** minitoc package, version 61 ***.
\tf@mtc=\write5
\mtcindent=\skip108
\mtcskipamount=\skip109
Package minitoc Info: I0005
(minitoc)             compatible with hyperref.
Package minitoc Info: I0023
(minitoc)             part level macros available.
Package minitoc Info: I0003
(minitoc)             chapter level macros available.
\mtc@toks=\toks42
\mtc@strutbox=\box48
\mtc@hstrutbox=\box49
Package minitoc Info: I0002
(minitoc)             Autoconfiguration of extensions.
\openout5 = `thesis.mtc0'.

\openout5 = `thesis.mtc'.


(./thesis.mtc0)
Package minitoc Info: I0012
(minitoc)             Long extensions (Unix-like) will be used.
Package minitoc Info: I0031
(minitoc)             ==> this version is configured for UNIX-like 
(minitoc)                 (long extensions) file names.
\openout5 = `thesis.mtc'.

\openout5 = `thesis.mtc0'.

\c@mtc=\count343
\c@minitocdepth=\count344
\c@ptc=\count345
\c@parttocdepth=\count346
\ptcindent=\skip110
Package minitoc Info: I0010
(minitoc)             The english language is selected.
(minitoc)              on input line 4909.

(/usr/local/texlive/2018/texmf-dist/tex/latex/minitoc/english.mld
File: english.mld 2006/01/13
)
(/usr/local/texlive/2018/texmf-dist/tex/latex/minitoc/english.mld
File: english.mld 2006/01/13
))
(/usr/local/texlive/2018/texmf-dist/tex/latex/tools/verbatim.sty
Package: verbatim 2014/10/28 v1.5q LaTeX2e package for verbatim enhancements
\every@verbatim=\toks43
\verbatim@line=\toks44
\verbatim@in@stream=\read3
))
(/usr/local/texlive/2018/texmf-dist/tex/latex/hyperref/hyperref.sty
Package: hyperref 2018/02/06 v6.86b Hypertext links for LaTeX

(/usr/local/texlive/2018/texmf-dist/tex/generic/oberdiek/hobsub-hyperref.sty
Package: hobsub-hyperref 2016/05/16 v1.14 Bundle oberdiek, subset hyperref (HO)


(/usr/local/texlive/2018/texmf-dist/tex/generic/oberdiek/hobsub-generic.sty
Package: hobsub-generic 2016/05/16 v1.14 Bundle oberdiek, subset generic (HO)
Package: hobsub 2016/05/16 v1.14 Construct package bundles (HO)
Package hobsub Info: Skipping package `infwarerr' (already loaded).
Package hobsub Info: Skipping package `ltxcmds' (already loaded).
Package hobsub Info: Skipping package `ifluatex' (already loaded).
Package: ifvtex 2016/05/16 v1.6 Detect VTeX and its facilities (HO)
Package ifvtex Info: VTeX not detected.
Package: intcalc 2016/05/16 v1.2 Expandable calculations with integers (HO)
Package hobsub Info: Skipping package `ifpdf' (already loaded).
Package hobsub Info: Skipping package `etexcmds' (already loaded).
Package hobsub Info: Skipping package `kvsetkeys' (already loaded).
Package: kvdefinekeys 2016/05/16 v1.4 Define keys (HO)
Package hobsub Info: Skipping package `pdftexcmds' (already loaded).
Package: pdfescape 2016/05/16 v1.14 Implements pdfTeX's escape features (HO)
Package: bigintcalc 2016/05/16 v1.4 Expandable calculations on big integers (HO
)
Package: bitset 2016/05/16 v1.2 Handle bit-vector datatype (HO)
Package: uniquecounter 2016/05/16 v1.3 Provide unlimited unique counter (HO)
)
Package hobsub Info: Skipping package `hobsub' (already loaded).
Package: letltxmacro 2016/05/16 v1.5 Let assignment for LaTeX macros (HO)
Package: hopatch 2016/05/16 v1.3 Wrapper for package hooks (HO)
Package: xcolor-patch 2016/05/16 xcolor patch
Package: atveryend 2016/05/16 v1.9 Hooks at the very end of document (HO)
Package: atbegshi 2016/06/09 v1.18 At begin shipout hook (HO)
Package: refcount 2016/05/16 v3.5 Data extraction from label references (HO)
Package: hycolor 2016/05/16 v1.8 Color options for hyperref/bookmark (HO)
)
(/usr/local/texlive/2018/texmf-dist/tex/latex/oberdiek/auxhook.sty
Package: auxhook 2016/05/16 v1.4 Hooks for auxiliary files (HO)
)
\@linkdim=\dimen175
\Hy@linkcounter=\count347
\Hy@pagecounter=\count348

(/usr/local/texlive/2018/texmf-dist/tex/latex/hyperref/pd1enc.def
File: pd1enc.def 2018/02/06 v6.86b Hyperref: PDFDocEncoding definition (HO)
Now handling font encoding PD1 ...
... no UTF-8 mapping file for font encoding PD1
)
\Hy@SavedSpaceFactor=\count349

(/usr/local/texlive/2018/texmf-dist/tex/latex/latexconfig/hyperref.cfg
File: hyperref.cfg 2002/06/06 v1.2 hyperref configuration of TeXLive
)
Package hyperref Info: Option `plainpages' set `false' on input line 4383.
Package hyperref Info: Hyper figures OFF on input line 4509.
Package hyperref Info: Link nesting OFF on input line 4514.
Package hyperref Info: Hyper index ON on input line 4517.
Package hyperref Info: Plain pages OFF on input line 4524.
Package hyperref Info: Backreferencing OFF on input line 4529.
Package hyperref Info: Implicit mode ON; LaTeX internals redefined.
Package hyperref Info: Bookmarks ON on input line 4762.
\c@Hy@tempcnt=\count350
LaTeX Info: Redefining \url on input line 5115.
\XeTeXLinkMargin=\dimen176
\Fld@menulength=\count351
\Field@Width=\dimen177
\Fld@charsize=\dimen178
Package hyperref Info: Hyper figures OFF on input line 6369.
Package hyperref Info: Link nesting OFF on input line 6374.
Package hyperref Info: Hyper index ON on input line 6377.
Package hyperref Info: backreferencing OFF on input line 6384.
Package hyperref Info: Link coloring OFF on input line 6389.
Package hyperref Info: Link coloring with OCG OFF on input line 6394.
Package hyperref Info: PDF/A mode OFF on input line 6399.
LaTeX Info: Redefining \ref on input line 6439.
LaTeX Info: Redefining \pageref on input line 6443.
\Hy@abspage=\count352
\c@Item=\count353
\c@Hfootnote=\count354
)
Package hyperref Info: Driver (autodetected): hpdftex.

(/usr/local/texlive/2018/texmf-dist/tex/latex/hyperref/hpdftex.def
File: hpdftex.def 2018/02/06 v6.86b Hyperref driver for pdfTeX
\Fld@listcount=\count355
\c@bookmark@seq@number=\count356

(/usr/local/texlive/2018/texmf-dist/tex/latex/oberdiek/rerunfilecheck.sty
Package: rerunfilecheck 2016/05/16 v1.8 Rerun checks for auxiliary files (HO)
Package uniquecounter Info: New unique counter `rerunfilecheck' on input line 2
82.
)
\Hy@SectionHShift=\skip111
)
Package hyperref Info: Option `colorlinks' set `false' on input line 163.
Package hyperref Info: Option `breaklinks' set `true' on input line 163.
Package hyperref Info: Option `bookmarksnumbered' set `true' on input line 163.

Package hyperref Info: Option `bookmarksopen' set `true' on input line 163.

(./symlist.sty

LaTeX Warning: You have requested package `symlist',
               but the package provides `00.symlist'.

Package: 00.symlist 2008/03/11 v1.1 Symbol List package
\LOS@cnt=\count357
\LOS@wd=\dimen179
)) (./beg-definitions/pagesetup.tex
(/usr/local/texlive/2018/texmf-dist/tex/latex/geometry/geometry.sty
Package: geometry 2018/04/16 v5.8 Page Geometry
\Gm@cnth=\count358
\Gm@cntv=\count359
\c@Gm@tempcnt=\count360
\Gm@bindingoffset=\dimen180
\Gm@wd@mp=\dimen181
\Gm@odd@mp=\dimen182
\Gm@even@mp=\dimen183
\Gm@layoutwidth=\dimen184
\Gm@layoutheight=\dimen185
\Gm@layouthoffset=\dimen186
\Gm@layoutvoffset=\dimen187
\Gm@dimlist=\toks45
)
(/usr/local/texlive/2018/texmf-dist/tex/latex/fancyhdr/fancyhdr.sty
Package: fancyhdr 2017/06/30 v3.9a Extensive control of page headers and footer
s
\f@nch@headwidth=\skip112
\f@nch@O@elh=\skip113
\f@nch@O@erh=\skip114
\f@nch@O@olh=\skip115
\f@nch@O@orh=\skip116
\f@nch@O@elf=\skip117
\f@nch@O@erf=\skip118
\f@nch@O@olf=\skip119
\f@nch@O@orf=\skip120
))
Package biblatex Info: Trying to load language 'english'...
Package biblatex Info: ... file 'english.lbx' found.

(/usr/local/texlive/2018/texmf-dist/tex/latex/biblatex/lbx/english.lbx
File: english.lbx 2018/03/04 v3.11 biblatex localization (PK/MW)
)
Package biblatex Info: Trying to load language 'portuguese'...
Package biblatex Info: ... file 'portuguese.lbx' found.

(/usr/local/texlive/2018/texmf-dist/tex/latex/biblatex/lbx/portuguese.lbx
File: portuguese.lbx 2018/03/04 v3.11 biblatex localization (PK/MW)
)

Package biblatex Warning: 'babel/polyglossia' detected but 'csquotes' missing.
(biblatex)                Loading 'csquotes' recommended.

\@quotelevel=\count361
\@quotereset=\count362

LaTeX Warning: Unused global option(s):
    [Arial].

(./thesis.aux

LaTeX Warning: Label `fig:fabrication' multiply defined.

)
\openout1 = `thesis.aux'.

LaTeX Font Info:    Checking defaults for OML/cmm/m/it on input line 7.
LaTeX Font Info:    ... okay on input line 7.
LaTeX Font Info:    Checking defaults for T1/cmr/m/n on input line 7.
LaTeX Font Info:    ... okay on input line 7.
LaTeX Font Info:    Checking defaults for OT1/cmr/m/n on input line 7.
LaTeX Font Info:    ... okay on input line 7.
LaTeX Font Info:    Checking defaults for OMS/cmsy/m/n on input line 7.
LaTeX Font Info:    ... okay on input line 7.
LaTeX Font Info:    Checking defaults for OMX/cmex/m/n on input line 7.
LaTeX Font Info:    ... okay on input line 7.
LaTeX Font Info:    Checking defaults for U/cmr/m/n on input line 7.
LaTeX Font Info:    ... okay on input line 7.
LaTeX Font Info:    Checking defaults for PD1/pdf/m/n on input line 7.
LaTeX Font Info:    ... okay on input line 7.
 (/usr/local/texlive/2018/texmf-dist/tex/context/base/mkii/supp-pdf.mkii
[Loading MPS to PDF converter (version 2006.09.02).]
\scratchcounter=\count363
\scratchdimen=\dimen188
\scratchbox=\box50
\nofMPsegments=\count364
\nofMParguments=\count365
\everyMPshowfont=\toks46
\MPscratchCnt=\count366
\MPscratchDim=\dimen189
\MPnumerator=\count367
\makeMPintoPDFobject=\count368
\everyMPtoPDFconversion=\toks47
) (/usr/local/texlive/2018/texmf-dist/tex/latex/oberdiek/epstopdf-base.sty
Package: epstopdf-base 2016/05/15 v2.6 Base part for package epstopdf

(/usr/local/texlive/2018/texmf-dist/tex/latex/oberdiek/grfext.sty
Package: grfext 2016/05/16 v1.2 Manage graphics extensions (HO)
)
Package epstopdf-base Info: Redefining graphics rule for `.eps' on input line 4
38.
Package grfext Info: Graphics extension search list:
(grfext)             [.pdf,.png,.jpg,.mps,.jpeg,.jbig2,.jb2,.PDF,.PNG,.JPG,.JPE
G,.JBIG2,.JB2,.eps]
(grfext)             \AppendGraphicsExtensions on input line 456.

(/usr/local/texlive/2018/texmf-dist/tex/latex/latexconfig/epstopdf-sys.cfg
File: epstopdf-sys.cfg 2010/07/13 v1.3 Configuration of (r)epstopdf for TeX Liv
e
))
ABD: EveryShipout initializing macros ABD: EverySelectfont initializing macros
LaTeX Info: Redefining \selectfont on input line 7.
Package caption Info: Begin \AtBeginDocument code.
Package caption Info: float package is loaded.
Package caption Info: hyperref package is loaded.
Package caption Info: End \AtBeginDocument code.
Package biblatex Info: Input encoding 'utf8' detected.
Package biblatex Info: Automatic encoding selection.
(biblatex)             Assuming data encoding 'utf8'.
\openout4 = `thesis.bcf'.

Package biblatex Info: Trying to load bibliographic data...
Package biblatex Info: ... file 'thesis.bbl' found.

(./thesis.bbl)
Package biblatex Info: Reference section=0 on input line 7.
Package biblatex Info: Reference segment=0 on input line 7.
\c@minilofdepth=\count369
\c@minilotdepth=\count370
\c@partlofdepth=\count371
\c@partlotdepth=\count372
\c@sectlofdepth=\count373
\c@sectlotdepth=\count374
\AtBeginShipoutBox=\box51
Package hyperref Info: Link coloring OFF on input line 7.

(/usr/local/texlive/2018/texmf-dist/tex/latex/hyperref/nameref.sty
Package: nameref 2016/05/21 v2.44 Cross-referencing by name of section

(/usr/local/texlive/2018/texmf-dist/tex/generic/oberdiek/gettitlestring.sty
Package: gettitlestring 2016/05/16 v1.5 Cleanup title references (HO)
)
\c@section@level=\count375
)
LaTeX Info: Redefining \ref on input line 7.
LaTeX Info: Redefining \pageref on input line 7.
LaTeX Info: Redefining \nameref on input line 7.

(./thesis.out) (./thesis.out)
\@outlinefile=\write6
\openout6 = `thesis.out'.


*geometry* driver: auto-detecting
*geometry* detected driver: pdftex
*geometry* verbose mode - [ preamble ] result:
* driver: pdftex
* paper: <default>
* layout: <same size as paper>
* layoutoffset:(h,v)=(0.0pt,0.0pt)
* modes: twoside 
* h-part:(L,W,R)=(82.51282pt, 443.86317pt, 71.13188pt)
* v-part:(T,H,B)=(71.13188pt, 702.78308pt, 71.13188pt)
* \paperwidth=597.50787pt
* \paperheight=845.04684pt
* \textwidth=443.86317pt
* \textheight=702.78308pt
* \oddsidemargin=10.24283pt
* \evensidemargin=-1.1381pt
* \topmargin=-40.6381pt
* \headheight=16.5pt
* \headsep=25.0pt
* \topskip=10.0pt
* \footskip=30.0pt
* \marginparwidth=111.0pt
* \marginparsep=11.0pt
* \columnsep=10.0pt
* \skip\footins=9.0pt plus 4.0pt minus 2.0pt
* \hoffset=0.0pt
* \voffset=0.0pt
* \mag=1000
* \@twocolumnfalse
* \@twosidetrue
* \@mparswitchtrue
* \@reversemarginfalse
* (1in=72.27pt=25.4mm, 1cm=28.453pt)

(./beg-firstFewPages/1.Cover.tex
<all-figures/Cover/istnewlogo.pdf, id=245, 502.99277pt x 195.67976pt>
File: all-figures/Cover/istnewlogo.pdf Graphic file (type pdf)
<use all-figures/Cover/istnewlogo.pdf>
Package pdftex.def Info: all-figures/Cover/istnewlogo.pdf  used on input line 9
.
(pdftex.def)             Requested size: 142.26378pt x 55.34532pt.
<all-figures/Cover/coverimage.jpg, id=246, 1003.75pt x 567.11874pt>
File: all-figures/Cover/coverimage.jpg Graphic file (type jpg)
<use all-figures/Cover/coverimage.jpg>
Package pdftex.def Info: all-figures/Cover/coverimage.jpg  used on input line 1
2.
(pdftex.def)             Requested size: 251.79457pt x 142.26378pt.
 [1

{/usr/local/texlive/2018/texmf-var/fonts/map/pdftex/updmap/pdftex.map} <./all-f
igures/Cover/istnewlogo.pdf> <./all-figures/Cover/coverimage.jpg>] [2



]) (./beg-firstFewPages/2.Citation.tex
LaTeX Font Info:    Try loading font information for T1+cmtt on input line 9.

(/usr/local/texlive/2018/texmf-dist/tex/latex/base/t1cmtt.fd
File: t1cmtt.fd 2014/09/29 v2.5h Standard LaTeX font definitions
)
LaTeX Font Info:    Try loading font information for U+msa on input line 9.

(/usr/local/texlive/2018/texmf-dist/tex/latex/amsfonts/umsa.fd
File: umsa.fd 2013/01/14 v3.01 AMS symbols A
)
LaTeX Font Info:    Try loading font information for U+msb on input line 9.

(/usr/local/texlive/2018/texmf-dist/tex/latex/amsfonts/umsb.fd
File: umsb.fd 2013/01/14 v3.01 AMS symbols B
)
LaTeX Font Info:    Try loading font information for U+lasy on input line 9.

(/usr/local/texlive/2018/texmf-dist/tex/latex/base/ulasy.fd
File: ulasy.fd 1998/08/17 v2.2e LaTeX symbol font definitions
) [1] [2



])
(./beg-firstFewPages/3.Acknowledgments.tex [3] [4



])
(./beg-firstFewPages/4.Abstract.tex) (./beg-firstFewPages/5.Keywords.tex
Package acronym Info: Label `acro:QMC' newly defined as it shall be overridden
although it is yet undefined on input line 2.

[5

] [6



]) (./beg-firstFewPages/4.Resumo.tex
Package babel Info: Redefining portuges shorthand "|
(babel)             in language  on input line 1.
)
(./beg-firstFewPages/5.PalavrasChave.tex
Package babel Info: Redefining portuges shorthand "|
(babel)             in language  on input line 4.
Package babel Info: Redefining portuges shorthand "|
(babel)             in language  on input line 4.
 [7

]
Package babel Info: Redefining portuges shorthand "|
(babel)             in language  on input line 6.
Package babel Info: Redefining portuges shorthand "|
(babel)             in language  on input line 6.
 [8



])
(./beg-firstFewPages/6.Tables.tex
Package minitoc Info: I0024
(minitoc)             PREPARING MINITOCS FROM thesis.toc on input line 3.
Package minitoc Info: I0033
(minitoc)             Writing thesis.mtc1.
\openout5 = `thesis.mtc1'.

Package minitoc Info: I0033
(minitoc)             Writing thesis.mtc2.
\openout5 = `thesis.mtc2'.

Package minitoc Info: I0033
(minitoc)             Writing thesis.mtc3.
\openout5 = `thesis.mtc3'.

Package minitoc Info: I0033
(minitoc)             Writing thesis.mtc4.
\openout5 = `thesis.mtc4'.

Package minitoc Info: I0033
(minitoc)             Writing thesis.mtc5.
\openout5 = `thesis.mtc5'.

Package minitoc Info: I0033
(minitoc)             Writing thesis.mtc6.
\openout5 = `thesis.mtc6'.

Package minitoc Info: I0033
(minitoc)             Writing thesis.mtc7.
\openout5 = `thesis.mtc7'.

Package minitoc Info: I0033
(minitoc)             Writing thesis.mtc8.
\openout5 = `thesis.mtc8'.

Package minitoc Info: I0034
(minitoc)             PREPARING MINILOFS FROM thesis.lof on input line 4.
Package minitoc Info: I0033
(minitoc)             Writing thesis.mlf1.
\openout5 = `thesis.mlf1'.

Package minitoc Info: I0033
(minitoc)             Writing thesis.mlf2.
\openout5 = `thesis.mlf2'.

Package minitoc Info: I0033
(minitoc)             Writing thesis.mlf3.
\openout5 = `thesis.mlf3'.

Package minitoc Info: I0033
(minitoc)             Writing thesis.mlf4.
\openout5 = `thesis.mlf4'.

Package minitoc Info: I0033
(minitoc)             Writing thesis.mlf5.
\openout5 = `thesis.mlf5'.

Package minitoc Info: I0033
(minitoc)             Writing thesis.mlf6.
\openout5 = `thesis.mlf6'.

Package minitoc Info: I0033
(minitoc)             Writing thesis.mlf7.
\openout5 = `thesis.mlf7'.

Package minitoc Info: I0037
(minitoc)             PREPARING MINILOTS FROM thesis.lot on input line 5.
Package minitoc Info: I0033
(minitoc)             Writing thesis.mlt1.
\openout5 = `thesis.mlt1'.

Package minitoc Info: I0033
(minitoc)             Writing thesis.mlt2.
\openout5 = `thesis.mlt2'.

Package minitoc Info: I0033
(minitoc)             Writing thesis.mlt3.
\openout5 = `thesis.mlt3'.

Package minitoc Info: I0033
(minitoc)             Writing thesis.mlt4.
\openout5 = `thesis.mlt4'.

Package minitoc Info: I0033
(minitoc)             Writing thesis.mlt5.
\openout5 = `thesis.mlt5'.

Package minitoc Info: I0033
(minitoc)             Writing thesis.mlt6.
\openout5 = `thesis.mlt6'.

Package minitoc Info: I0033
(minitoc)             Writing thesis.mlt7.
\openout5 = `thesis.mlt7'.

 (./thesis.toc [9

]
Overfull \hbox (0.33324pt too wide) detected at line 99
 []\T1/cmr/m/n/10 A-2
 []


Overfull \hbox (0.33324pt too wide) detected at line 101
 []\T1/cmr/m/n/10 A-5
 []


Overfull \hbox (0.33324pt too wide) detected at line 103
 []\T1/cmr/m/n/10 A-8
 []


Overfull \hbox (0.33324pt too wide) detected at line 105
 []\T1/cmr/m/n/10 A-9
 []


Overfull \hbox (0.33324pt too wide) detected at line 107
 []\T1/cmr/m/n/10 A-9
 []

)
\tf@toc=\write7
\openout7 = `thesis.toc'.

 [10] (./thesis.lof
Package acronym Info: Label `acro:TMD' newly defined as it shall be overridden
although it is yet undefined on input line 15.

Overfull \hbox (0.33324pt too wide) detected at line 67
 []\T1/cmr/m/n/10 A-7
 []

)
\tf@lof=\write8
\openout8 = `thesis.lof'.

 [11




] [12



] (./thesis.lot)
\tf@lot=\write9
\openout9 = `thesis.lot'.

 [13

] [14



]) (./beg-firstFewPages/7.Acronym.tex
[15

] [16



]) (./beg-firstFewPages/8.Symbols.tex)
Package minitoc Info: I0017
(minitoc)             \mtcsettitle redefines the macro 
(minitoc)             "mtctitle" as 
(minitoc)             "Contents" on input line 30.
 (./ch-introduction/main.tex
Chapter 1.
LaTeX Font Info:    Try loading font information for T1+pbk on input line 2.
(/usr/local/texlive/2018/texmf-dist/tex/latex/psnfss/t1pbk.fd
File: t1pbk.fd 2001/06/04 font definitions for T1/pbk.
)
LaTeX Font Info:    Font shape `T1/pbk/b/n' in size <10> not available
(Font)              Font shape `T1/pbk/db/n' tried instead on input line 2.
LaTeX Font Info:    Font shape `T1/pbk/b/n' in size <150> not available
(Font)              Font shape `T1/pbk/db/n' tried instead on input line 2.
LaTeX Font Info:    Font shape `T1/pbk/bx/n' in size <150> not available
(Font)              Font shape `T1/pbk/b/n' tried instead on input line 2.
LaTeX Font Info:    Font shape `T1/pbk/b/n' in size <150> not available
(Font)              Font shape `T1/pbk/db/n' tried instead on input line 2.
\openout5 = `thesis.mtc'.

\openout5 = `thesis.mtc'.

 (./thesis.mtc1)
[1




]
Package acronym Info: Label `acro:2D' newly defined as it shall be overridden
although it is yet undefined on input line 7.
Package acronym Info: Label `acro:TMD' overridden on input line 8.
Package acronym Info: Label `acro:QMC' overridden on input line 10.
 (./ch-introduction/motivation.tex
Package acronym Info: Label `acro:BSS' newly defined as it shall be overridden
although it is yet undefined on input line 16.
 [2])
(./ch-introduction/strongly_correlated.tex
Package acronym Info: Label `acro:LG' newly defined as it shall be overridden
although it is yet undefined on input line 15.
 [3]) (./ch-introduction/state.tex
[4]
<all-figures/Introduction/graphene.png, id=578, 390.96063pt x 560.59438pt>
File: all-figures/Introduction/graphene.png Graphic file (type png)
<use all-figures/Introduction/graphene.png>
Package pdftex.def Info: all-figures/Introduction/graphene.png  used on input l
ine 11.
(pdftex.def)             Requested size: 91.04872pt x 130.55069pt.
<all-figures/Introduction/dispGraphene.png, id=580, 1019.81pt x 552.0625pt>
File: all-figures/Introduction/dispGraphene.png Graphic file (type png)
<use all-figures/Introduction/dispGraphene.png>
Package pdftex.def Info: all-figures/Introduction/dispGraphene.png  used on inp
ut line 13.
(pdftex.def)             Requested size: 227.62204pt x 123.21469pt.
Package acronym Info: Label `acro:AFM' newly defined as it shall be overridden
although it is yet undefined on input line 14.
 [5 <./all-figures/Introduction/graphene.png> <./all-figures/Introduction/dispG
raphene.png>]
<all-figures/Introduction/tmd2.png, id=609, 998.73125pt x 517.935pt>
File: all-figures/Introduction/tmd2.png Graphic file (type png)
<use all-figures/Introduction/tmd2.png>
Package pdftex.def Info: all-figures/Introduction/tmd2.png  used on input line 
31.
(pdftex.def)             Requested size: 249.68219pt x 129.48343pt.
<all-figures/Introduction/tmd.pdf, id=626, 1027.84pt x 770.88pt>
File: all-figures/Introduction/tmd.pdf Graphic file (type pdf)
<use all-figures/Introduction/tmd.pdf>
Package pdftex.def Info: all-figures/Introduction/tmd.pdf  used on input line 5
8.
(pdftex.def)             Requested size: 411.12872pt x 308.34654pt.
 [6 <./all-figures/Introduction/tmd2.png>]
Package acronym Info: Label `acro:PBC' newly defined as it shall be overridden
although it is yet undefined on input line 65.
Package acronym Info: Label `acro:OBC' newly defined as it shall be overridden
although it is yet undefined on input line 66.
<all-figures/Introduction/nanoribbons.png, id=652, 1228.08812pt x 289.08pt>
File: all-figures/Introduction/nanoribbons.png Graphic file (type png)
<use all-figures/Introduction/nanoribbons.png>
Package pdftex.def Info: all-figures/Introduction/nanoribbons.png  used on inpu
t line 70.
(pdftex.def)             Requested size: 392.99623pt x 92.50748pt.
<all-figures/Introduction/grapheneNanoribbons.jpg, id=661, 703.62875pt x 295.10
25pt>
File: all-figures/Introduction/grapheneNanoribbons.jpg Graphic file (type jpg)
<use all-figures/Introduction/grapheneNanoribbons.jpg>
Package pdftex.def Info: all-figures/Introduction/grapheneNanoribbons.jpg  used
 on input line 78.
(pdftex.def)             Requested size: 281.4465pt x 118.0389pt.
 [7 <./all-figures/Introduction/tmd.pdf> <./all-figures/Introduction/nanoribbon
s.png>]
Package acronym Info: Label `acro:TMDNR' newly defined as it shall be overridde
n
although it is yet undefined on input line 86.
<all-figures/Introduction/zigzag.png, id=876, 743.77875pt x 643.40375pt>
File: all-figures/Introduction/zigzag.png Graphic file (type png)
<use all-figures/Introduction/zigzag.png>
Package pdftex.def Info: all-figures/Introduction/zigzag.png  used on input lin
e 92.
(pdftex.def)             Requested size: 156.19814pt x 135.11877pt.

Overfull \hbox (111.80911pt too wide) in paragraph at lines 92--93
[][] 
 []

<all-figures/Introduction/comparisonMF.pdf, id=877, 1027.84pt x 770.88pt>
File: all-figures/Introduction/comparisonMF.pdf Graphic file (type pdf)
<use all-figures/Introduction/comparisonMF.pdf>
Package pdftex.def Info: all-figures/Introduction/comparisonMF.pdf  used on inp
ut line 96.
(pdftex.def)             Requested size: 246.68663pt x 185.01498pt.

Overfull \hbox (202.2976pt too wide) in paragraph at lines 96--97
[][] 
 []

Package acronym Info: Label `acro:AF' newly defined as it shall be overridden
although it is yet undefined on input line 104.
) (./ch-introduction/introQMC.tex [8 <./all-figures/Introduction/grapheneNanori
bbons.jpg> <./all-figures/Introduction/zigzag.png> <./all-figures/Introduction/
comparisonMF.pdf>] [9] [10] [11]
LaTeX Font Info:    Try loading font information for U+bbm on input line 113.

(/usr/local/texlive/2018/texmf-dist/tex/latex/bbm-macros/ubbm.fd
File: ubbm.fd 1999/03/15 V 1.2 Font definition for bbm font - TH
) [12])
(./ch-introduction/contributions.tex [13]) (./ch-introduction/outline.tex)
[14]) (./ch-hubbard/main.tex
Chapter 2.
\openout5 = `thesis.mtc'.

\openout5 = `thesis.mtc'.

(./thesis.mtc2) [15



] (./ch-hubbard/modelling.tex
<all-figures/Hubbard/IsingVsHubbard.jpeg, id=1040, 961.5925pt x 374.39874pt>
File: all-figures/Hubbard/IsingVsHubbard.jpeg Graphic file (type jpg)
<use all-figures/Hubbard/IsingVsHubbard.jpeg>
Package pdftex.def Info: all-figures/Hubbard/IsingVsHubbard.jpeg  used on input
 line 13.
(pdftex.def)             Requested size: 399.47414pt x 155.53825pt.
 [16])
(./ch-hubbard/hubbard.tex [17 <./all-figures/Hubbard/IsingVsHubbard.jpeg>]

Package hyperref Warning: Token not allowed in a PDF string (PDFDocEncoding):
(hyperref)                removing `math shift' on input line 14.


Package hyperref Warning: Token not allowed in a PDF string (PDFDocEncoding):
(hyperref)                removing `math shift' on input line 14.

<all-figures/Hubbard/Hydrogen_Density_Plots.png, id=1072, 1761.58125pt x 1190.4
475pt>
File: all-figures/Hubbard/Hydrogen_Density_Plots.png Graphic file (type png)
<use all-figures/Hubbard/Hydrogen_Density_Plots.png>
Package pdftex.def Info: all-figures/Hubbard/Hydrogen_Density_Plots.png  used o
n input line 27.
(pdftex.def)             Requested size: 233.3125pt x 157.66997pt.
[18] [19 <./all-figures/Hubbard/Hydrogen_Density_Plots.png>] [20] [21]
Package acronym Info: Label `acro:GCE' newly defined as it shall be overridden
although it is yet undefined on input line 182.
Package acronym Info: Label `acro:PHS' newly defined as it shall be overridden
although it is yet undefined on input line 188.
 [22]
Package acronym Info: Label `acro:AF' overridden on input line 195.
<all-figures/Hubbard/bipartite.png, id=1130, 1263.21938pt x 525.46312pt>
File: all-figures/Hubbard/bipartite.png Graphic file (type png)
<use all-figures/Hubbard/bipartite.png>
Package pdftex.def Info: all-figures/Hubbard/bipartite.png  used on input line 
200.
(pdftex.def)             Requested size: 227.62204pt x 94.6835pt.
Package acronym Info: Label `acro:PHT' newly defined as it shall be overridden
although it is yet undefined on input line 207.

[23 <./all-figures/Hubbard/bipartite.png>]) (./ch-hubbard/mott-insulators.tex)
(./ch-hubbard/exact-solutions.tex
LaTeX Font Info:    Try loading font information for OMS+cmr on input line 18.

(/usr/local/texlive/2018/texmf-dist/tex/latex/base/omscmr.fd
File: omscmr.fd 2014/09/29 v2.5h Standard LaTeX font definitions
)
LaTeX Font Info:    Font shape `OMS/cmr/m/n' in size <10> not available
(Font)              Font shape `OMS/cmsy/m/n' tried instead on input line 18.
 [24] [25]

Package hyperref Warning: Token not allowed in a PDF string (PDFDocEncoding):
(hyperref)                removing `math shift' on input line 105.


Package hyperref Warning: Token not allowed in a PDF string (PDFDocEncoding):
(hyperref)                removing `\begingroup' on input line 105.


Package hyperref Warning: Token not allowed in a PDF string (PDFDocEncoding):
(hyperref)                removing `\endgroup' on input line 105.


Package hyperref Warning: Token not allowed in a PDF string (PDFDocEncoding):
(hyperref)                removing `\@@over' on input line 105.


Package hyperref Warning: Token not allowed in a PDF string (PDFDocEncoding):
(hyperref)                removing `\rightarrow' on input line 105.


Package hyperref Warning: Token not allowed in a PDF string (PDFDocEncoding):
(hyperref)                removing `\infty' on input line 105.


Package hyperref Warning: Token not allowed in a PDF string (PDFDocEncoding):
(hyperref)                removing `math shift' on input line 105.

[26] [27]
<all-figures/Hubbard/rhoVsMu.png, id=1195, 481.19775pt x 262.8219pt>
File: all-figures/Hubbard/rhoVsMu.png Graphic file (type png)
<use all-figures/Hubbard/rhoVsMu.png>
Package pdftex.def Info: all-figures/Hubbard/rhoVsMu.png  used on input line 19
5.
(pdftex.def)             Requested size: 310.70287pt x 169.70128pt.
 [28 <./all-figures/Hubbard/rhoVsMu.png>]
<all-figures/Hubbard/mSqVsU.png, id=1210, 477.58424pt x 262.8219pt>
File: all-figures/Hubbard/mSqVsU.png Graphic file (type png)
<use all-figures/Hubbard/mSqVsU.png>
Package pdftex.def Info: all-figures/Hubbard/mSqVsU.png  used on input line 241
.
(pdftex.def)             Requested size: 310.70287pt x 170.9886pt.
<all-figures/Hubbard/mSqVsT.png, id=1212, 476.982pt x 262.8219pt>
File: all-figures/Hubbard/mSqVsT.png Graphic file (type png)
<use all-figures/Hubbard/mSqVsT.png>
Package pdftex.def Info: all-figures/Hubbard/mSqVsT.png  used on input line 252
.
(pdftex.def)             Requested size: 310.70287pt x 171.20114pt.
 [29 <./all-figures/Hubbard/mSqVsU.png>]

Package hyperref Warning: Token not allowed in a PDF string (PDFDocEncoding):
(hyperref)                removing `math shift' on input line 261.


Package hyperref Warning: Token not allowed in a PDF string (PDFDocEncoding):
(hyperref)                removing `\begingroup' on input line 261.


Package hyperref Warning: Token not allowed in a PDF string (PDFDocEncoding):
(hyperref)                removing `\endgroup' on input line 261.


Package hyperref Warning: Token not allowed in a PDF string (PDFDocEncoding):
(hyperref)                removing `\@@over' on input line 261.


Package hyperref Warning: Token not allowed in a PDF string (PDFDocEncoding):
(hyperref)                removing `math shift' on input line 261.

Package acronym Info: Label `acro:PBC' overridden on input line 277.
Package acronym Info: Label `acro:OBC' overridden on input line 279.
[30 <./all-figures/Hubbard/mSqVsT.png>]

LaTeX Warning: Reference `ap:Zquadratic' on page 31 undefined on input line 326
.

[31]

LaTeX Warning: Reference `ap:dos1d' on page 32 undefined on input line 344.

<all-figures/Hubbard/fermiEnergy1D.png, id=1256, 433.62pt x 289.08pt>
File: all-figures/Hubbard/fermiEnergy1D.png Graphic file (type png)
<use all-figures/Hubbard/fermiEnergy1D.png>
Package pdftex.def Info: all-figures/Hubbard/fermiEnergy1D.png  used on input l
ine 380.
(pdftex.def)             Requested size: 244.1261pt x 162.75266pt.
<all-figures/Hubbard/fermiEnergy2D.png, id=1257, 368.21565pt x 263.18324pt>
File: all-figures/Hubbard/fermiEnergy2D.png Graphic file (type png)
<use all-figures/Hubbard/fermiEnergy2D.png>
Package pdftex.def Info: all-figures/Hubbard/fermiEnergy2D.png  used on input l
ine 382.
(pdftex.def)             Requested size: 217.49539pt x 155.45747pt.
[32]) (./ch-hubbard/effective-heisenberg.tex

Package hyperref Warning: Token not allowed in a PDF string (PDFDocEncoding):
(hyperref)                removing `math shift' on input line 1.


Package hyperref Warning: Token not allowed in a PDF string (PDFDocEncoding):
(hyperref)                removing `\begingroup' on input line 1.


Package hyperref Warning: Token not allowed in a PDF string (PDFDocEncoding):
(hyperref)                removing `\endgroup' on input line 1.


Package hyperref Warning: Token not allowed in a PDF string (PDFDocEncoding):
(hyperref)                removing `\@@over' on input line 1.


Package hyperref Warning: Token not allowed in a PDF string (PDFDocEncoding):
(hyperref)                removing `\gg' on input line 1.


Package hyperref Warning: Token not allowed in a PDF string (PDFDocEncoding):
(hyperref)                removing `math shift' on input line 1.

[33 <./all-figures/Hubbard/fermiEnergy1D.png> <./all-figures/Hubbard/fermiEnerg
y2D.png>] [34]

LaTeX Warning: Reference `ap:heisenberg' on page 35 undefined on input line 107
.

[35]

LaTeX Warning: Reference `ap:heisenberg' on page 36 undefined on input line 168
.

[36]) (./ch-hubbard/greens-functions.tex [37] [38] [39])
(./ch-hubbard/magnetism-mft.tex [40]
<all-figures/Hubbard/dos.pdf, id=1366, 1027.84pt x 770.88pt>
File: all-figures/Hubbard/dos.pdf Graphic file (type pdf)
<use all-figures/Hubbard/dos.pdf>
Package pdftex.def Info: all-figures/Hubbard/dos.pdf  used on input line 24.
(pdftex.def)             Requested size: 443.86317pt x 148.59055pt.


LaTeX Warning: Reference `ap:hartree-fock' on page 41 undefined on input line 4
6.

[41 <./all-figures/Hubbard/dos.pdf>] [42]
<all-figures/Hubbard/mfHubbard.png, id=1475, 493.24275pt x 277.87814pt>
File: all-figures/Hubbard/mfHubbard.png Graphic file (type png)
<use all-figures/Hubbard/mfHubbard.png>
Package pdftex.def Info: all-figures/Hubbard/mfHubbard.png  used on input line 
94.
(pdftex.def)             Requested size: 310.70287pt x 175.04718pt.
<all-figures/Hubbard/mfHubbard_multiple.png, id=1479, 1258.76273pt x 372.00983p
t>
File: all-figures/Hubbard/mfHubbard_multiple.png Graphic file (type png)
<use all-figures/Hubbard/mfHubbard_multiple.png>
Package pdftex.def Info: all-figures/Hubbard/mfHubbard_multiple.png  used on in
put line 108.
(pdftex.def)             Requested size: 440.57356pt x 130.20538pt.
 [43 <./all-figures/Hubbard/mfHubbard.png> <./all-figures/Hubbard/mfHubbard_mul
tiple.png>]
Package acronym Info: Label `acro:QMC' overridden on input line 134.
)
(./ch-hubbard/variants.tex [44]) [45] [46


]) (./ch-afqmc/main.tex
Chapter 3.
\openout5 = `thesis.mtc'.

\openout5 = `thesis.mtc'.

(./thesis.mtc3) [47

] (./ch-afqmc/classical_monte_carlo.tex [48] [49] [50]
[51] [52]
Package acronym Info: Label `acro:FFT' newly defined as it shall be overridden
although it is yet undefined on input line 250.
 [53]) (./ch-afqmc/theoretical_framework.tex [54] [55] [56] [57]
[58] [59] [60] [61] [62] [63]
Package hyperref Info: bookmark level for unknown algorithm defaults to 0 on in
put line 420.
 [64] [65] [66] [67] [68]) [69] [70])
(./ch-applications/main.tex
Chapter 4.
\openout5 = `thesis.mtc'.

\openout5 = `thesis.mtc'.

(./thesis.mtc4) [71



] (./ch-applications/1.1d-chain.tex)
(./ch-applications/2.square-lattice.tex) (./ch-applications/3.honeycomb.tex)
(./ch-applications/4.nanoribbon.tex
Package acronym Info: Label `acro:PBC' overridden on input line 13.
Package acronym Info: Label `acro:OBC' overridden on input line 14.
<all-figures/Applications/nanoribbon.pdf, id=1828, 1027.84pt x 770.88pt>
File: all-figures/Applications/nanoribbon.pdf Graphic file (type pdf)
<use all-figures/Applications/nanoribbon.pdf>
Package pdftex.def Info: all-figures/Applications/nanoribbon.pdf  used on input
 line 25.
(pdftex.def)             Requested size: 355.09189pt x 153.27733pt.
 [72]
Overfull \hbox (2.82014pt too wide) in paragraph at lines 59--89
[][]   []
 []

[73 <./all-figures/Applications/nanoribbon.pdf>]) [74])
(./ch-conclusion/conclusions.tex
Chapter 5.
Package minitoc Info: I0006
(minitoc)             thesis.mtc5 is empty on input line 4.
[75



] [76]) [77





] [78] [79]
Overfull \hbox (19.84595pt too wide) in paragraph at lines 43--43
[]\T1/cmr/m/n/10 Fazekas, P. \T1/cmr/m/it/10 Lec-ture Notes on Elec-tron Cor-re
-la-tion and Mag-netism \T1/cmr/m/n/10 Google-Books-ID: GV5pyxX3TfMC.
 []

[80] [81] [82


] (./end-appendices/hubbardObSol.tex
Appendix A.
[1

] [2] [3] [4] [5]
<all-figures/Hubbard/hubbardOneHoleOneDoublyOcV2.png, id=2053, 457.71pt x 210.7
875pt>
File: all-figures/Hubbard/hubbardOneHoleOneDoublyOcV2.png Graphic file (type pn
g)
<use all-figures/Hubbard/hubbardOneHoleOneDoublyOcV2.png>
Package pdftex.def Info: all-figures/Hubbard/hubbardOneHoleOneDoublyOcV2.png  u
sed on input line 204.
(pdftex.def)             Requested size: 256.0748pt x 117.93405pt.
 [6] [7 <./all-figures/Hubbard/hubbardOneHoleOneDoublyOcV2.png>] [8]
Overfull \hbox (13.22728pt too wide) in paragraph at lines 336--336
[]\T1/cmr/bx/n/14.4 Obtaining an ef-fec-tive Heisen-berg Hamil-to-nian as the a
tomic,
 []


Package hyperref Warning: Token not allowed in a PDF string (PDFDocEncoding):
(hyperref)                removing `math shift' on input line 336.


Package hyperref Warning: Token not allowed in a PDF string (PDFDocEncoding):
(hyperref)                removing `\gg' on input line 336.


Package hyperref Warning: Token not allowed in a PDF string (PDFDocEncoding):
(hyperref)                removing `math shift' on input line 336.

[9] [10]) (./end-appendices/wick.tex [11]
Appendix B.
[1

]) [2]
Package minitoc Info: I0009
(minitoc)             Listing minitoc auxiliary files. 
(minitoc)             Creating the thesis.maf file.
\openout5 = `thesis.maf'.

Package atveryend Info: Empty hook `BeforeClearDocument' on input line 56.
Package atveryend Info: Empty hook `AfterLastShipout' on input line 56.
 (./thesis.aux)
Package atveryend Info: Executing hook `AtVeryEndDocument' on input line 56.
Package atveryend Info: Executing hook `AtEndAfterFileList' on input line 56.
Package rerunfilecheck Info: File `thesis.out' has not changed.
(rerunfilecheck)             Checksum: E48230733FEB66B50B82288960C15635;4763.


LaTeX Warning: There were undefined references.


LaTeX Warning: There were multiply-defined labels.

Package logreq Info: Writing requests to 'thesis.run.xml'.
\openout1 = `thesis.run.xml'.

 ) 
Here is how much of TeX's memory you used:
 22123 strings out of 492649
 366300 string characters out of 6129622
 891664 words of memory out of 5000000
 24554 multiletter control sequences out of 15000+600000
 43547 words of font info for 121 fonts, out of 8000000 for 9000
 1141 hyphenation exceptions out of 8191
 59i,26n,100p,2020b,2040s stack positions out of 5000i,500n,10000p,200000b,80000s
{/usr/local/texlive/2018/texmf-dist/fonts/enc/dvips/cm-super/cm-super-t1.enc}
 </Users/franciscobrito/Library/texlive/2018/texmf-var/fonts/pk/ljfour/public/b
bm/bbm10.600pk>{/usr/local/texlive/2018/texmf-dist/fonts/enc/dvips/base/8r.enc}
</usr/local/texlive/2018/texmf-dist/fonts/type1/public/amsfonts/cm/cmbx10.pfb><
/usr/local/texlive/2018/texmf-dist/fonts/type1/public/amsfonts/cm/cmex10.pfb></
usr/local/texlive/2018/texmf-dist/fonts/type1/public/amsfonts/cmextra/cmex7.pfb
></usr/local/texlive/2018/texmf-dist/fonts/type1/public/amsfonts/cmextra/cmex9.
pfb></usr/local/texlive/2018/texmf-dist/fonts/type1/public/amsfonts/cm/cmmi10.p
fb></usr/local/texlive/2018/texmf-dist/fonts/type1/public/amsfonts/cm/cmmi12.pf
b></usr/local/texlive/2018/texmf-dist/fonts/type1/public/amsfonts/cm/cmmi5.pfb>
</usr/local/texlive/2018/texmf-dist/fonts/type1/public/amsfonts/cm/cmmi6.pfb></
usr/local/texlive/2018/texmf-dist/fonts/type1/public/amsfonts/cm/cmmi7.pfb></us
r/local/texlive/2018/texmf-dist/fonts/type1/public/amsfonts/cm/cmmi8.pfb></usr/
local/texlive/2018/texmf-dist/fonts/type1/public/amsfonts/cm/cmmi9.pfb></usr/lo
cal/texlive/2018/texmf-dist/fonts/type1/public/amsfonts/cm/cmmib10.pfb></usr/lo
cal/texlive/2018/texmf-dist/fonts/type1/public/amsfonts/cmextra/cmmib5.pfb></us
r/local/texlive/2018/texmf-dist/fonts/type1/public/amsfonts/cmextra/cmmib7.pfb>
</usr/local/texlive/2018/texmf-dist/fonts/type1/public/amsfonts/cmextra/cmmib8.
pfb></usr/local/texlive/2018/texmf-dist/fonts/type1/public/amsfonts/cmextra/cmm
ib9.pfb></usr/local/texlive/2018/texmf-dist/fonts/type1/public/amsfonts/cm/cmr1
0.pfb></usr/local/texlive/2018/texmf-dist/fonts/type1/public/amsfonts/cm/cmr12.
pfb></usr/local/texlive/2018/texmf-dist/fonts/type1/public/amsfonts/cm/cmr5.pfb
></usr/local/texlive/2018/texmf-dist/fonts/type1/public/amsfonts/cm/cmr6.pfb></
usr/local/texlive/2018/texmf-dist/fonts/type1/public/amsfonts/cm/cmr7.pfb></usr
/local/texlive/2018/texmf-dist/fonts/type1/public/amsfonts/cm/cmr8.pfb></usr/lo
cal/texlive/2018/texmf-dist/fonts/type1/public/amsfonts/cm/cmr9.pfb></usr/local
/texlive/2018/texmf-dist/fonts/type1/public/amsfonts/cm/cmsy10.pfb></usr/local/
texlive/2018/texmf-dist/fonts/type1/public/amsfonts/cm/cmsy5.pfb></usr/local/te
xlive/2018/texmf-dist/fonts/type1/public/amsfonts/cm/cmsy6.pfb></usr/local/texl
ive/2018/texmf-dist/fonts/type1/public/amsfonts/cm/cmsy7.pfb></usr/local/texliv
e/2018/texmf-dist/fonts/type1/public/amsfonts/cm/cmsy8.pfb></usr/local/texlive/
2018/texmf-dist/fonts/type1/public/amsfonts/cm/cmsy9.pfb></usr/local/texlive/20
18/texmf-dist/fonts/type1/public/amsfonts/latxfont/lasy10.pfb></usr/local/texli
ve/2018/texmf-dist/fonts/type1/public/amsfonts/symbols/msam10.pfb></usr/local/t
exlive/2018/texmf-dist/fonts/type1/public/amsfonts/symbols/msbm10.pfb></usr/loc
al/texlive/2018/texmf-dist/fonts/type1/public/cm-super/sfbi0900.pfb></usr/local
/texlive/2018/texmf-dist/fonts/type1/public/cm-super/sfbx0800.pfb></usr/local/t
exlive/2018/texmf-dist/fonts/type1/public/cm-super/sfbx0900.pfb></usr/local/tex
live/2018/texmf-dist/fonts/type1/public/cm-super/sfbx1000.pfb></usr/local/texli
ve/2018/texmf-dist/fonts/type1/public/cm-super/sfbx1200.pfb></usr/local/texlive
/2018/texmf-dist/fonts/type1/public/cm-super/sfbx1440.pfb></usr/local/texlive/2
018/texmf-dist/fonts/type1/public/cm-super/sfbx1728.pfb></usr/local/texlive/201
8/texmf-dist/fonts/type1/public/cm-super/sfbx2074.pfb></usr/local/texlive/2018/
texmf-dist/fonts/type1/public/cm-super/sfbx2488.pfb></usr/local/texlive/2018/te
xmf-dist/fonts/type1/public/cm-super/sfcc1000.pfb></usr/local/texlive/2018/texm
f-dist/fonts/type1/public/cm-super/sfrm0500.pfb></usr/local/texlive/2018/texmf-
dist/fonts/type1/public/cm-super/sfrm0600.pfb></usr/local/texlive/2018/texmf-di
st/fonts/type1/public/cm-super/sfrm0700.pfb></usr/local/texlive/2018/texmf-dist
/fonts/type1/public/cm-super/sfrm0800.pfb></usr/local/texlive/2018/texmf-dist/f
onts/type1/public/cm-super/sfrm0900.pfb></usr/local/texlive/2018/texmf-dist/fon
ts/type1/public/cm-super/sfrm1000.pfb></usr/local/texlive/2018/texmf-dist/fonts
/type1/public/cm-super/sfrm1200.pfb></usr/local/texlive/2018/texmf-dist/fonts/t
ype1/public/cm-super/sfsl1000.pfb></usr/local/texlive/2018/texmf-dist/fonts/typ
e1/public/cm-super/sfti1000.pfb></usr/local/texlive/2018/texmf-dist/fonts/type1
/public/cm-super/sftt0800.pfb></usr/local/texlive/2018/texmf-dist/fonts/type1/p
ublic/cm-super/sftt1000.pfb></usr/local/texlive/2018/texmf-dist/fonts/type1/urw
/bookman/ubkd8a.pfb>
Output written on thesis.pdf (113 pages, 11593053 bytes).
PDF statistics:
 2413 PDF objects out of 2487 (max. 8388607)
 2055 compressed objects within 21 object streams
 609 named destinations out of 1000 (max. 500000)
 620 words of extra memory for PDF output out of 10000 (max. 10000000)

