\BOOKMARK [0][]{Title.0}{Title}{}% 1
\BOOKMARK [0][]{Acknowledgments.0}{Acknowledgments}{}% 2
\BOOKMARK [0][]{Abstract.0}{Abstract}{}% 3
\BOOKMARK [0][]{Resumo.0}{Resumo}{}% 4
\BOOKMARK [0][]{index.0}{Index}{}% 5
\BOOKMARK [1][]{toc.1}{Contents}{index.0}% 6
\BOOKMARK [1][]{lof.1}{List of Figures}{index.0}% 7
\BOOKMARK [1][]{lot.1}{List of Tables}{index.0}% 8
\BOOKMARK [1][]{loac.1}{List of Acronyms}{index.0}% 9
\BOOKMARK [0][]{chapter.1}{1 Introduction}{}% 10
\BOOKMARK [1][]{section.1.1}{1.1 Motivation}{chapter.1}% 11
\BOOKMARK [1][]{section.1.2}{1.2 Strongly correlated electron systems}{chapter.1}% 12
\BOOKMARK [1][]{section.1.3}{1.3 State of The Art}{chapter.1}% 13
\BOOKMARK [2][]{subsection.1.3.1}{1.3.1 Beyond graphene: TMD nanoribbons}{section.1.3}% 14
\BOOKMARK [2][]{subsection.1.3.2}{1.3.2 Introduction to Quantum Monte Carlo}{section.1.3}% 15
\BOOKMARK [2][]{subsection.1.3.3}{1.3.3 Monte Carlo Method in Classical Statistical Physics}{section.1.3}% 16
\BOOKMARK [1][]{section.1.4}{1.4 Variational Monte Carlo}{chapter.1}% 17
\BOOKMARK [2][]{subsection.1.4.1}{1.4.1 Variational Techniques}{section.1.4}% 18
\BOOKMARK [2][]{subsection.1.4.2}{1.4.2 Diffusion Monte Carlo}{section.1.4}% 19
\BOOKMARK [2][]{subsection.1.4.3}{1.4.3 Path Integral Formulation}{section.1.4}% 20
\BOOKMARK [3][]{paragraph.1.4.3.0.1}{A \205 }{subsection.1.4.3}% 21
\BOOKMARK [2][]{subsection.1.4.4}{1.4.4 Fixed-Node, Constrained Path QMC for Many-Fermion systems}{section.1.4}% 22
\BOOKMARK [2][]{subsection.1.4.5}{1.4.5 Determinantal/Auxiliary Field QMC}{section.1.4}% 23
\BOOKMARK [3][]{paragraph.1.4.5.0.2}{B \205 }{subsection.1.4.5}% 24
\BOOKMARK [2][]{subsection.1.4.6}{1.4.6 Computational Complexity and the Sign Problem}{section.1.4}% 25
\BOOKMARK [1][]{section.1.5}{1.5 Original Contributions}{chapter.1}% 26
\BOOKMARK [1][]{section.1.6}{1.6 Thesis Outline}{chapter.1}% 27
\BOOKMARK [0][]{chapter.2}{2 Minimal models of electron correlations in energy bands}{}% 28
\BOOKMARK [1][]{section.2.1}{2.1 Modelling electron correlations}{chapter.2}% 29
\BOOKMARK [1][]{section.2.2}{2.2 Hubbard model}{chapter.2}% 30
\BOOKMARK [2][]{subsection.2.2.1}{2.2.1 Electron correlations in narrow d-bands}{section.2.2}% 31
\BOOKMARK [2][]{subsection.2.2.2}{2.2.2 Hubbard Hamiltonian}{section.2.2}% 32
\BOOKMARK [2][]{subsection.2.2.3}{2.2.3 Particle-hole symmetry}{section.2.2}% 33
\BOOKMARK [1][]{section.2.3}{2.3 Mott insulators}{chapter.2}% 34
\BOOKMARK [1][]{section.2.4}{2.4 Exact solutions for simple cases}{chapter.2}% 35
\BOOKMARK [2][]{subsection.2.4.1}{2.4.1 The purely atomic tU = 0 limit}{section.2.4}% 36
\BOOKMARK [2][]{subsection.2.4.2}{2.4.2 The non-interacting tU \040limit}{section.2.4}% 37
\BOOKMARK [1][]{section.2.5}{2.5 Effective Heisenberg Hamiltonian}{chapter.2}% 38
\BOOKMARK [2][]{subsection.2.5.1}{2.5.1 Two-site calculation}{section.2.5}% 39
\BOOKMARK [2][]{subsection.2.5.2}{2.5.2 Degenerate perturbation theory}{section.2.5}% 40
\BOOKMARK [0][]{chapter.3}{3 Auxiliary Field Quantum Monte Carlo}{}% 41
\BOOKMARK [1][]{section.3.1}{3.1 Trotter-Suzuki Decomposition}{chapter.3}% 42
\BOOKMARK [2][]{subsection.3.1.1}{3.1.1 Hubbard-Stratonovich transformation}{section.3.1}% 43
\BOOKMARK [3][]{subsubsection.3.1.1.1}{3.1.1.A Monte Carlo sampling of the HS-field}{subsection.3.1.1}% 44
\BOOKMARK [3][]{subsubsection.3.1.1.2}{3.1.1.B Making measurements}{subsection.3.1.1}% 45
\BOOKMARK [3][]{subsubsection.3.1.1.3}{3.1.1.C Correlation functions}{subsection.3.1.1}% 46
\BOOKMARK [0][]{chapter.4}{4 Discussing the algorithm}{}% 47
\BOOKMARK [0][]{chapter.5}{5 Stabilization}{}% 48
\BOOKMARK [0][]{chapter.6}{6 Applications}{}% 49
\BOOKMARK [1][]{section.6.1}{6.1 One-dimensional Hubbard Chain}{chapter.6}% 50
\BOOKMARK [1][]{section.6.2}{6.2 Square lattice}{chapter.6}% 51
\BOOKMARK [1][]{section.6.3}{6.3 Honeycomb lattice}{chapter.6}% 52
\BOOKMARK [1][]{section.6.4}{6.4 Nanoribbon}{chapter.6}% 53
\BOOKMARK [0][]{chapter.7}{7 Conclusions and Future Work}{}% 54
\BOOKMARK [0][]{section*.35}{Bibliography}{}% 55
\BOOKMARK [0][]{appendix.A}{Appendix A Hartree-Fock Approximation and the Self Consistent Field Method}{}% 56
\BOOKMARK [0][]{appendix.B}{Appendix B Computing the partition function for a quadratic Hamiltonian}{}% 57
